-------------------------------------------------------------------------------
Test set: TestSuite
-------------------------------------------------------------------------------
Tests run: 4, Failures: 1, Errors: 0, Skipped: 0, Time elapsed: 19.207 s <<< FAILURE! - in TestSuite
validateTitle(com.dasb.ValidateTitle)  Time elapsed: 0.046 s  <<< FAILURE!
java.lang.AssertionError: expected [FEATURED COURSES123] but found [FEATURED COURSES]
	at com.dasb.ValidateTitle.validateTitle(ValidateTitle.java:30)

